Determining if the pthread_create exist failed with the following output:
Change Dir: /home/mike/code/mikefunpython/cws/build/CMakeFiles/CMakeTmp

Run Build Command:/usr/bin/make "cmTryCompileExec162571539/fast"
/usr/bin/make -f CMakeFiles/cmTryCompileExec162571539.dir/build.make CMakeFiles/cmTryCompileExec162571539.dir/build
make[1]: Entering directory `/home/mike/code/mikefunpython/cws/build/CMakeFiles/CMakeTmp'
/usr/bin/cmake -E cmake_progress_report /home/mike/code/mikefunpython/cws/build/CMakeFiles/CMakeTmp/CMakeFiles 1
Building C object CMakeFiles/cmTryCompileExec162571539.dir/CheckSymbolExists.c.o
/usr/bin/cc    -o CMakeFiles/cmTryCompileExec162571539.dir/CheckSymbolExists.c.o   -c /home/mike/code/mikefunpython/cws/build/CMakeFiles/CMakeTmp/CheckSymbolExists.c
Linking C executable cmTryCompileExec162571539
/usr/bin/cmake -E cmake_link_script CMakeFiles/cmTryCompileExec162571539.dir/link.txt --verbose=1
/usr/bin/cc       CMakeFiles/cmTryCompileExec162571539.dir/CheckSymbolExists.c.o  -o cmTryCompileExec162571539 -rdynamic 
CMakeFiles/cmTryCompileExec162571539.dir/CheckSymbolExists.c.o: In function `main':
CheckSymbolExists.c:(.text+0x16): undefined reference to `pthread_create'
collect2: error: ld returned 1 exit status
make[1]: Leaving directory `/home/mike/code/mikefunpython/cws/build/CMakeFiles/CMakeTmp'
make[1]: *** [cmTryCompileExec162571539] Error 1
make: *** [cmTryCompileExec162571539/fast] Error 2

File /home/mike/code/mikefunpython/cws/build/CMakeFiles/CMakeTmp/CheckSymbolExists.c:
/* */
#include <pthread.h>

int main(int argc, char** argv)
{
  (void)argv;
#ifndef pthread_create
  return ((int*)(&pthread_create))[argc];
#else
  (void)argc;
  return 0;
#endif
}

Determining if the function pthread_create exists in the pthreads failed with the following output:
Change Dir: /home/mike/code/mikefunpython/cws/build/CMakeFiles/CMakeTmp

Run Build Command:/usr/bin/make "cmTryCompileExec2025006174/fast"
/usr/bin/make -f CMakeFiles/cmTryCompileExec2025006174.dir/build.make CMakeFiles/cmTryCompileExec2025006174.dir/build
make[1]: Entering directory `/home/mike/code/mikefunpython/cws/build/CMakeFiles/CMakeTmp'
/usr/bin/cmake -E cmake_progress_report /home/mike/code/mikefunpython/cws/build/CMakeFiles/CMakeTmp/CMakeFiles 1
Building C object CMakeFiles/cmTryCompileExec2025006174.dir/CheckFunctionExists.c.o
/usr/bin/cc   -DCHECK_FUNCTION_EXISTS=pthread_create   -o CMakeFiles/cmTryCompileExec2025006174.dir/CheckFunctionExists.c.o   -c /usr/share/cmake-2.8/Modules/CheckFunctionExists.c
Linking C executable cmTryCompileExec2025006174
/usr/bin/cmake -E cmake_link_script CMakeFiles/cmTryCompileExec2025006174.dir/link.txt --verbose=1
/usr/bin/cc   -DCHECK_FUNCTION_EXISTS=pthread_create    CMakeFiles/cmTryCompileExec2025006174.dir/CheckFunctionExists.c.o  -o cmTryCompileExec2025006174 -rdynamic -lpthreads 
/usr/bin/ld: cannot find -lpthreads
collect2: error: ld returned 1 exit status
make[1]: Leaving directory `/home/mike/code/mikefunpython/cws/build/CMakeFiles/CMakeTmp'
make[1]: *** [cmTryCompileExec2025006174] Error 1
make: *** [cmTryCompileExec2025006174/fast] Error 2


